<?xml version="1.0" encoding="utf-8"?><testsuites><testsuite name="pytest" errors="0" failures="0" skipped="0" tests="3" time="30.468" timestamp="2023-03-08T11:19:58.374660" hostname="MacBook-Pro-uzivatela-Andrej.local"><testcase classname="test_end2end.TestOne" name="test_end2end" time="18.774" /><testcase classname="test_home_page.TestHomePage" name="test_form_submission[get_data0]" time="10.125" /><testcase classname="test_home_page.TestHomePage" name="test_form_submission[get_data1]" time="1.537" /></testsuite></testsuites>